<?xml version="1.0" encoding="UTF-8"?>
<!-- Generated by org.testng.reporters.JUnitXMLReporter -->
<testsuite ignored="0" hostname="DESKTOP-CNVDVAH" failures="0" tests="3" name="Chrome" time="35.546" errors="0" timestamp="2023-02-08T00:13:24 IST">
  <testcase classname="testNG.PrivacyTermsCookies" name="goToTermsButton" time="4.533"/>
  <testcase classname="testNG.PrivacyTermsCookies" name="goToPrivacyPolicy" time="14.461"/>
  <testcase classname="testNG.PrivacyTermsCookies" name="goToCookiesPolicy" time="3.149"/>
</testsuite> <!-- Chrome -->
