<?xml version="1.0" encoding="UTF-8"?>
<!-- Generated by org.testng.reporters.JUnitXMLReporter -->
<testsuite ignored="0" hostname="DESKTOP-CNVDVAH" failures="0" tests="3" name="FireFox" time="28.04" errors="0" timestamp="2023-02-08T00:13:17 IST">
  <testcase classname="testNG.PrivacyTermsCookies" name="goToTermsButton" time="3.123"/>
  <testcase classname="testNG.PrivacyTermsCookies" name="goToPrivacyPolicy" time="1.471"/>
  <testcase classname="testNG.PrivacyTermsCookies" name="goToCookiesPolicy" time="3.293"/>
</testsuite> <!-- FireFox -->
