<?xml version="1.0" encoding="UTF-8"?>
<testng-results ignored="0" total="6" passed="6" failed="0" skipped="0">
  <reporter-output>
  </reporter-output>
  <suite started-at="2023-02-08T00:12:48 IST" name="Suite" finished-at="2023-02-08T00:13:24 IST" duration-ms="35576">
    <groups>
    </groups>
    <test started-at="2023-02-08T00:12:48 IST" name="FireFox" finished-at="2023-02-08T00:13:16 IST" duration-ms="28040">
      <class name="testNG.PrivacyTermsCookies">
        <test-method is-config="true" signature="launchBrowser(java.lang.String)[pri:0, instance:testNG.PrivacyTermsCookies@67a20f67]" started-at="2023-02-08T00:12:48 IST" name="launchBrowser" finished-at="2023-02-08T00:12:58 IST" duration-ms="9875" status="PASS">
          <params>
            <param index="0">
              <value>
                <![CDATA[FireFox]]>
              </value>
            </param>
          </params>
          <reporter-output>
          </reporter-output>
        </test-method> <!-- launchBrowser -->
        <test-method is-config="true" signature="createPOMObjects()[pri:0, instance:testNG.PrivacyTermsCookies@67a20f67]" started-at="2023-02-08T00:12:58 IST" name="createPOMObjects" finished-at="2023-02-08T00:12:58 IST" duration-ms="3" status="PASS">
          <reporter-output>
          </reporter-output>
        </test-method> <!-- createPOMObjects -->
        <test-method is-config="true" signature="goTocraeteNewAccount()[pri:0, instance:testNG.PrivacyTermsCookies@67a20f67]" started-at="2023-02-08T00:12:58 IST" name="goTocraeteNewAccount" finished-at="2023-02-08T00:13:03 IST" duration-ms="4711" status="PASS">
          <reporter-output>
          </reporter-output>
        </test-method> <!-- goTocraeteNewAccount -->
        <test-method signature="goToTermsButton()[pri:1, instance:testNG.PrivacyTermsCookies@67a20f67]" started-at="2023-02-08T00:13:03 IST" name="goToTermsButton" finished-at="2023-02-08T00:13:06 IST" duration-ms="3123" status="PASS">
          <reporter-output>
          </reporter-output>
        </test-method> <!-- goToTermsButton -->
        <test-method is-config="true" signature="afterMethod()[pri:0, instance:testNG.PrivacyTermsCookies@67a20f67]" started-at="2023-02-08T00:13:06 IST" name="afterMethod" finished-at="2023-02-08T00:13:06 IST" duration-ms="0" status="PASS">
          <reporter-output>
          </reporter-output>
        </test-method> <!-- afterMethod -->
        <test-method is-config="true" signature="goTocraeteNewAccount()[pri:0, instance:testNG.PrivacyTermsCookies@67a20f67]" started-at="2023-02-08T00:13:06 IST" name="goTocraeteNewAccount" finished-at="2023-02-08T00:13:09 IST" duration-ms="2654" status="PASS">
          <reporter-output>
          </reporter-output>
        </test-method> <!-- goTocraeteNewAccount -->
        <test-method signature="goToPrivacyPolicy()[pri:2, instance:testNG.PrivacyTermsCookies@67a20f67]" started-at="2023-02-08T00:13:09 IST" name="goToPrivacyPolicy" finished-at="2023-02-08T00:13:10 IST" duration-ms="1471" status="PASS">
          <reporter-output>
          </reporter-output>
        </test-method> <!-- goToPrivacyPolicy -->
        <test-method is-config="true" signature="afterMethod()[pri:0, instance:testNG.PrivacyTermsCookies@67a20f67]" started-at="2023-02-08T00:13:10 IST" name="afterMethod" finished-at="2023-02-08T00:13:10 IST" duration-ms="0" status="PASS">
          <reporter-output>
          </reporter-output>
        </test-method> <!-- afterMethod -->
        <test-method is-config="true" signature="goTocraeteNewAccount()[pri:0, instance:testNG.PrivacyTermsCookies@67a20f67]" started-at="2023-02-08T00:13:10 IST" name="goTocraeteNewAccount" finished-at="2023-02-08T00:13:13 IST" duration-ms="2536" status="PASS">
          <reporter-output>
          </reporter-output>
        </test-method> <!-- goTocraeteNewAccount -->
        <test-method signature="goToCookiesPolicy()[pri:3, instance:testNG.PrivacyTermsCookies@67a20f67]" started-at="2023-02-08T00:13:13 IST" name="goToCookiesPolicy" finished-at="2023-02-08T00:13:16 IST" duration-ms="3293" status="PASS">
          <reporter-output>
          </reporter-output>
        </test-method> <!-- goToCookiesPolicy -->
        <test-method is-config="true" signature="afterMethod()[pri:0, instance:testNG.PrivacyTermsCookies@67a20f67]" started-at="2023-02-08T00:13:16 IST" name="afterMethod" finished-at="2023-02-08T00:13:16 IST" duration-ms="0" status="PASS">
          <reporter-output>
          </reporter-output>
        </test-method> <!-- afterMethod -->
        <test-method is-config="true" signature="clearPOMObjects()[pri:0, instance:testNG.PrivacyTermsCookies@67a20f67]" started-at="2023-02-08T00:13:16 IST" name="clearPOMObjects" finished-at="2023-02-08T00:13:16 IST" duration-ms="1" status="PASS">
          <reporter-output>
          </reporter-output>
        </test-method> <!-- clearPOMObjects -->
        <test-method is-config="true" signature="closedBrowser()[pri:0, instance:testNG.PrivacyTermsCookies@67a20f67]" started-at="2023-02-08T00:13:16 IST" name="closedBrowser" finished-at="2023-02-08T00:13:16 IST" duration-ms="301" status="PASS">
          <reporter-output>
          </reporter-output>
        </test-method> <!-- closedBrowser -->
      </class> <!-- testNG.PrivacyTermsCookies -->
    </test> <!-- FireFox -->
    <test started-at="2023-02-08T00:12:48 IST" name="Chrome" finished-at="2023-02-08T00:13:24 IST" duration-ms="35546">
      <class name="testNG.PrivacyTermsCookies">
        <test-method is-config="true" signature="launchBrowser(java.lang.String)[pri:0, instance:testNG.PrivacyTermsCookies@192d43ce]" started-at="2023-02-08T00:12:48 IST" name="launchBrowser" finished-at="2023-02-08T00:12:52 IST" duration-ms="3697" status="PASS">
          <params>
            <param index="0">
              <value>
                <![CDATA[Chrome]]>
              </value>
            </param>
          </params>
          <reporter-output>
          </reporter-output>
        </test-method> <!-- launchBrowser -->
        <test-method is-config="true" signature="createPOMObjects()[pri:0, instance:testNG.PrivacyTermsCookies@192d43ce]" started-at="2023-02-08T00:12:52 IST" name="createPOMObjects" finished-at="2023-02-08T00:12:52 IST" duration-ms="105" status="PASS">
          <reporter-output>
          </reporter-output>
        </test-method> <!-- createPOMObjects -->
        <test-method is-config="true" signature="goTocraeteNewAccount()[pri:0, instance:testNG.PrivacyTermsCookies@192d43ce]" started-at="2023-02-08T00:12:52 IST" name="goTocraeteNewAccount" finished-at="2023-02-08T00:12:56 IST" duration-ms="3241" status="PASS">
          <reporter-output>
          </reporter-output>
        </test-method> <!-- goTocraeteNewAccount -->
        <test-method signature="goToTermsButton()[pri:1, instance:testNG.PrivacyTermsCookies@192d43ce]" started-at="2023-02-08T00:12:56 IST" name="goToTermsButton" finished-at="2023-02-08T00:13:00 IST" duration-ms="4533" status="PASS">
          <reporter-output>
          </reporter-output>
        </test-method> <!-- goToTermsButton -->
        <test-method is-config="true" signature="afterMethod()[pri:0, instance:testNG.PrivacyTermsCookies@192d43ce]" started-at="2023-02-08T00:13:00 IST" name="afterMethod" finished-at="2023-02-08T00:13:00 IST" duration-ms="1" status="PASS">
          <reporter-output>
          </reporter-output>
        </test-method> <!-- afterMethod -->
        <test-method is-config="true" signature="goTocraeteNewAccount()[pri:0, instance:testNG.PrivacyTermsCookies@192d43ce]" started-at="2023-02-08T00:13:00 IST" name="goTocraeteNewAccount" finished-at="2023-02-08T00:13:02 IST" duration-ms="1879" status="PASS">
          <reporter-output>
          </reporter-output>
        </test-method> <!-- goTocraeteNewAccount -->
        <test-method signature="goToPrivacyPolicy()[pri:2, instance:testNG.PrivacyTermsCookies@192d43ce]" started-at="2023-02-08T00:13:02 IST" name="goToPrivacyPolicy" finished-at="2023-02-08T00:13:16 IST" duration-ms="14461" status="PASS">
          <reporter-output>
          </reporter-output>
        </test-method> <!-- goToPrivacyPolicy -->
        <test-method is-config="true" signature="afterMethod()[pri:0, instance:testNG.PrivacyTermsCookies@192d43ce]" started-at="2023-02-08T00:13:16 IST" name="afterMethod" finished-at="2023-02-08T00:13:16 IST" duration-ms="1" status="PASS">
          <reporter-output>
          </reporter-output>
        </test-method> <!-- afterMethod -->
        <test-method is-config="true" signature="goTocraeteNewAccount()[pri:0, instance:testNG.PrivacyTermsCookies@192d43ce]" started-at="2023-02-08T00:13:16 IST" name="goTocraeteNewAccount" finished-at="2023-02-08T00:13:21 IST" duration-ms="4058" status="PASS">
          <reporter-output>
          </reporter-output>
        </test-method> <!-- goTocraeteNewAccount -->
        <test-method signature="goToCookiesPolicy()[pri:3, instance:testNG.PrivacyTermsCookies@192d43ce]" started-at="2023-02-08T00:13:21 IST" name="goToCookiesPolicy" finished-at="2023-02-08T00:13:24 IST" duration-ms="3149" status="PASS">
          <reporter-output>
          </reporter-output>
        </test-method> <!-- goToCookiesPolicy -->
        <test-method is-config="true" signature="clearPOMObjects()[pri:0, instance:testNG.PrivacyTermsCookies@192d43ce]" started-at="2023-02-08T00:13:24 IST" name="clearPOMObjects" finished-at="2023-02-08T00:13:24 IST" duration-ms="1" status="PASS">
          <reporter-output>
          </reporter-output>
        </test-method> <!-- clearPOMObjects -->
        <test-method is-config="true" signature="afterMethod()[pri:0, instance:testNG.PrivacyTermsCookies@192d43ce]" started-at="2023-02-08T00:13:24 IST" name="afterMethod" finished-at="2023-02-08T00:13:24 IST" duration-ms="0" status="PASS">
          <reporter-output>
          </reporter-output>
        </test-method> <!-- afterMethod -->
        <test-method is-config="true" signature="closedBrowser()[pri:0, instance:testNG.PrivacyTermsCookies@192d43ce]" started-at="2023-02-08T00:13:24 IST" name="closedBrowser" finished-at="2023-02-08T00:13:24 IST" duration-ms="314" status="PASS">
          <reporter-output>
          </reporter-output>
        </test-method> <!-- closedBrowser -->
      </class> <!-- testNG.PrivacyTermsCookies -->
    </test> <!-- Chrome -->
  </suite> <!-- Suite -->
</testng-results>
